0 info it worked if it ends with ok
1 verbose cli [ '/usr/local/Cellar/node/5.9.1/bin/node',
1 verbose cli   '/usr/local/bin/npm',
1 verbose cli   'install',
1 verbose cli   'docopt-js' ]
2 info using npm@3.7.3
3 info using node@v5.9.1
4 silly loadCurrentTree Starting
5 silly install loadCurrentTree
6 silly install readLocalPackageData
7 silly fetchPackageMetaData docopt-js
8 silly fetchNamedPackageData docopt-js
9 silly mapToRegistry name docopt-js
10 silly mapToRegistry using default registry
11 silly mapToRegistry registry https://registry.npmjs.org/
12 silly mapToRegistry uri https://registry.npmjs.org/docopt-js
13 verbose get https://registry.npmjs.org/docopt-js not expired, no request
14 silly install normalizeTree
15 silly loadCurrentTree Finishing
16 silly loadIdealTree Starting
17 silly install loadIdealTree
18 silly cloneCurrentTree Starting
19 silly install cloneCurrentTreeToIdealTree
20 silly cloneCurrentTree Finishing
21 silly loadShrinkwrap Starting
22 silly install loadShrinkwrap
23 silly loadShrinkwrap Finishing
24 silly loadAllDepsIntoIdealTree Starting
25 silly install loadAllDepsIntoIdealTree
26 silly resolveWithNewModule docopt-js@1.0.1 checking installable status
27 silly cache add args [ 'docopt-js', null ]
28 verbose cache add spec docopt-js
29 silly cache add parsed spec Result {
29 silly cache add   raw: 'docopt-js',
29 silly cache add   scope: null,
29 silly cache add   name: 'docopt-js',
29 silly cache add   rawSpec: '',
29 silly cache add   spec: 'latest',
29 silly cache add   type: 'tag' }
30 silly addNamed docopt-js@latest
31 verbose addNamed "latest" is being treated as a dist-tag for docopt-js
32 info addNameTag [ 'docopt-js', 'latest' ]
33 silly mapToRegistry name docopt-js
34 silly mapToRegistry using default registry
35 silly mapToRegistry registry https://registry.npmjs.org/
36 silly mapToRegistry uri https://registry.npmjs.org/docopt-js
37 verbose addNameTag registry:https://registry.npmjs.org/docopt-js not in flight; fetching
38 verbose get https://registry.npmjs.org/docopt-js not expired, no request
39 silly addNameTag next cb for docopt-js with tag latest
40 silly addNamed docopt-js@1.0.1
41 verbose addNamed "1.0.1" is a plain semver version for docopt-js
42 silly cache afterAdd docopt-js@1.0.1
43 verbose afterAdd /Users/nerdfiles/.npm/docopt-js/1.0.1/package/package.json not in flight; writing
44 verbose correctMkdir /Users/nerdfiles/.npm correctMkdir not in flight; initializing
45 verbose afterAdd /Users/nerdfiles/.npm/docopt-js/1.0.1/package/package.json written
46 silly fetchNamedPackageData xml2json
47 silly mapToRegistry name xml2json
48 silly mapToRegistry using default registry
49 silly mapToRegistry registry https://registry.npmjs.org/
50 silly mapToRegistry uri https://registry.npmjs.org/xml2json
51 verbose get https://registry.npmjs.org/xml2json not expired, no request
52 silly resolveWithNewModule xml2json@0.9.0 checking installable status
53 silly cache add args [ 'xml2json@^0.9.0', null ]
54 verbose cache add spec xml2json@^0.9.0
55 silly cache add parsed spec Result {
55 silly cache add   raw: 'xml2json@^0.9.0',
55 silly cache add   scope: null,
55 silly cache add   name: 'xml2json',
55 silly cache add   rawSpec: '^0.9.0',
55 silly cache add   spec: '>=0.9.0 <0.10.0',
55 silly cache add   type: 'range' }
56 silly addNamed xml2json@>=0.9.0 <0.10.0
57 verbose addNamed ">=0.9.0 <0.10.0" is a valid semver range for xml2json
58 silly addNameRange { name: 'xml2json', range: '>=0.9.0 <0.10.0', hasData: false }
59 silly mapToRegistry name xml2json
60 silly mapToRegistry using default registry
61 silly mapToRegistry registry https://registry.npmjs.org/
62 silly mapToRegistry uri https://registry.npmjs.org/xml2json
63 verbose addNameRange registry:https://registry.npmjs.org/xml2json not in flight; fetching
64 verbose get https://registry.npmjs.org/xml2json not expired, no request
65 silly addNameRange number 2 { name: 'xml2json', range: '>=0.9.0 <0.10.0', hasData: true }
66 silly addNameRange versions [ 'xml2json',
66 silly addNameRange   [ '0.1.0',
66 silly addNameRange     '0.1.1',
66 silly addNameRange     '0.2.0',
66 silly addNameRange     '0.2.1',
66 silly addNameRange     '0.2.2',
66 silly addNameRange     '0.2.3',
66 silly addNameRange     '0.2.4',
66 silly addNameRange     '0.3.0',
66 silly addNameRange     '0.3.1',
66 silly addNameRange     '0.3.2',
66 silly addNameRange     '0.4.0',
66 silly addNameRange     '0.5.0',
66 silly addNameRange     '0.5.1',
66 silly addNameRange     '0.6.0',
66 silly addNameRange     '0.6.1',
66 silly addNameRange     '0.6.2',
66 silly addNameRange     '0.7.0',
66 silly addNameRange     '0.7.1',
66 silly addNameRange     '0.8.0',
66 silly addNameRange     '0.8.1',
66 silly addNameRange     '0.8.2',
66 silly addNameRange     '0.9.0' ] ]
67 silly addNamed xml2json@0.9.0
68 verbose addNamed "0.9.0" is a plain semver version for xml2json
69 silly cache afterAdd xml2json@0.9.0
70 verbose afterAdd /Users/nerdfiles/.npm/xml2json/0.9.0/package/package.json not in flight; writing
71 verbose correctMkdir /Users/nerdfiles/.npm correctMkdir not in flight; initializing
72 verbose afterAdd /Users/nerdfiles/.npm/xml2json/0.9.0/package/package.json written
73 silly fetchNamedPackageData node-expat
74 silly mapToRegistry name node-expat
75 silly mapToRegistry using default registry
76 silly mapToRegistry registry https://registry.npmjs.org/
77 silly mapToRegistry uri https://registry.npmjs.org/node-expat
78 verbose get https://registry.npmjs.org/node-expat not expired, no request
79 silly resolveWithNewModule node-expat@2.3.13 checking installable status
80 silly cache add args [ 'node-expat@^2.3.9', null ]
81 verbose cache add spec node-expat@^2.3.9
82 silly cache add parsed spec Result {
82 silly cache add   raw: 'node-expat@^2.3.9',
82 silly cache add   scope: null,
82 silly cache add   name: 'node-expat',
82 silly cache add   rawSpec: '^2.3.9',
82 silly cache add   spec: '>=2.3.9 <3.0.0',
82 silly cache add   type: 'range' }
83 silly addNamed node-expat@>=2.3.9 <3.0.0
84 verbose addNamed ">=2.3.9 <3.0.0" is a valid semver range for node-expat
85 silly addNameRange { name: 'node-expat', range: '>=2.3.9 <3.0.0', hasData: false }
86 silly mapToRegistry name node-expat
87 silly mapToRegistry using default registry
88 silly mapToRegistry registry https://registry.npmjs.org/
89 silly mapToRegistry uri https://registry.npmjs.org/node-expat
90 verbose addNameRange registry:https://registry.npmjs.org/node-expat not in flight; fetching
91 verbose get https://registry.npmjs.org/node-expat not expired, no request
92 silly addNameRange number 2 { name: 'node-expat', range: '>=2.3.9 <3.0.0', hasData: true }
93 silly addNameRange versions [ 'node-expat',
93 silly addNameRange   [ '0.0.4',
93 silly addNameRange     '0.0.5',
93 silly addNameRange     '0.0.6',
93 silly addNameRange     '1.0.0',
93 silly addNameRange     '1.0.1',
93 silly addNameRange     '1.1.0',
93 silly addNameRange     '1.1.1',
93 silly addNameRange     '1.2.0',
93 silly addNameRange     '1.3.0',
93 silly addNameRange     '1.3.1',
93 silly addNameRange     '1.3.2',
93 silly addNameRange     '1.4.0',
93 silly addNameRange     '1.4.1',
93 silly addNameRange     '1.4.2',
93 silly addNameRange     '1.4.3',
93 silly addNameRange     '1.4.4',
93 silly addNameRange     '1.4.5',
93 silly addNameRange     '1.5.0',
93 silly addNameRange     '1.6.0',
93 silly addNameRange     '1.6.1',
93 silly addNameRange     '2.0.0',
93 silly addNameRange     '2.1.0',
93 silly addNameRange     '2.1.1',
93 silly addNameRange     '2.1.2',
93 silly addNameRange     '2.1.3',
93 silly addNameRange     '2.1.4',
93 silly addNameRange     '2.2.0',
93 silly addNameRange     '2.3.0',
93 silly addNameRange     '2.3.1',
93 silly addNameRange     '2.3.2',
93 silly addNameRange     '2.3.3',
93 silly addNameRange     '2.3.4',
93 silly addNameRange     '2.3.5',
93 silly addNameRange     '2.3.6',
93 silly addNameRange     '2.3.7',
93 silly addNameRange     '2.3.8',
93 silly addNameRange     '2.3.9',
93 silly addNameRange     '2.3.10',
93 silly addNameRange     '2.3.11',
93 silly addNameRange     '2.3.12',
93 silly addNameRange     '2.3.13' ] ]
94 silly addNamed node-expat@2.3.13
95 verbose addNamed "2.3.13" is a plain semver version for node-expat
96 silly cache afterAdd node-expat@2.3.13
97 verbose afterAdd /Users/nerdfiles/.npm/node-expat/2.3.13/package/package.json not in flight; writing
98 verbose correctMkdir /Users/nerdfiles/.npm correctMkdir not in flight; initializing
99 verbose afterAdd /Users/nerdfiles/.npm/node-expat/2.3.13/package/package.json written
100 silly fetchNamedPackageData bindings
101 silly mapToRegistry name bindings
102 silly mapToRegistry using default registry
103 silly mapToRegistry registry https://registry.npmjs.org/
104 silly mapToRegistry uri https://registry.npmjs.org/bindings
105 silly fetchNamedPackageData nan
106 silly mapToRegistry name nan
107 silly mapToRegistry using default registry
108 silly mapToRegistry registry https://registry.npmjs.org/
109 silly mapToRegistry uri https://registry.npmjs.org/nan
110 verbose get https://registry.npmjs.org/bindings not expired, no request
111 silly resolveWithNewModule bindings@1.2.1 checking installable status
112 silly cache add args [ 'bindings@^1.2.1', null ]
113 verbose cache add spec bindings@^1.2.1
114 silly cache add parsed spec Result {
114 silly cache add   raw: 'bindings@^1.2.1',
114 silly cache add   scope: null,
114 silly cache add   name: 'bindings',
114 silly cache add   rawSpec: '^1.2.1',
114 silly cache add   spec: '>=1.2.1 <2.0.0',
114 silly cache add   type: 'range' }
115 silly addNamed bindings@>=1.2.1 <2.0.0
116 verbose addNamed ">=1.2.1 <2.0.0" is a valid semver range for bindings
117 silly addNameRange { name: 'bindings', range: '>=1.2.1 <2.0.0', hasData: false }
118 silly mapToRegistry name bindings
119 silly mapToRegistry using default registry
120 silly mapToRegistry registry https://registry.npmjs.org/
121 silly mapToRegistry uri https://registry.npmjs.org/bindings
122 verbose addNameRange registry:https://registry.npmjs.org/bindings not in flight; fetching
123 verbose get https://registry.npmjs.org/nan not expired, no request
124 silly resolveWithNewModule nan@2.2.1 checking installable status
125 silly cache add args [ 'nan@^2.2.0', null ]
126 verbose cache add spec nan@^2.2.0
127 silly cache add parsed spec Result {
127 silly cache add   raw: 'nan@^2.2.0',
127 silly cache add   scope: null,
127 silly cache add   name: 'nan',
127 silly cache add   rawSpec: '^2.2.0',
127 silly cache add   spec: '>=2.2.0 <3.0.0',
127 silly cache add   type: 'range' }
128 silly addNamed nan@>=2.2.0 <3.0.0
129 verbose addNamed ">=2.2.0 <3.0.0" is a valid semver range for nan
130 silly addNameRange { name: 'nan', range: '>=2.2.0 <3.0.0', hasData: false }
131 silly mapToRegistry name nan
132 silly mapToRegistry using default registry
133 silly mapToRegistry registry https://registry.npmjs.org/
134 silly mapToRegistry uri https://registry.npmjs.org/nan
135 verbose addNameRange registry:https://registry.npmjs.org/nan not in flight; fetching
136 verbose get https://registry.npmjs.org/bindings not expired, no request
137 silly addNameRange number 2 { name: 'bindings', range: '>=1.2.1 <2.0.0', hasData: true }
138 silly addNameRange versions [ 'bindings',
138 silly addNameRange   [ '0.0.1',
138 silly addNameRange     '0.1.0',
138 silly addNameRange     '0.1.1',
138 silly addNameRange     '0.2.0',
138 silly addNameRange     '0.2.1',
138 silly addNameRange     '0.2.2',
138 silly addNameRange     '0.2.3',
138 silly addNameRange     '0.2.4',
138 silly addNameRange     '0.3.0',
138 silly addNameRange     '0.4.0',
138 silly addNameRange     '1.0.0',
138 silly addNameRange     '1.1.0',
138 silly addNameRange     '1.1.1',
138 silly addNameRange     '1.2.0',
138 silly addNameRange     '1.2.1' ] ]
139 silly addNamed bindings@1.2.1
140 verbose addNamed "1.2.1" is a plain semver version for bindings
141 verbose get https://registry.npmjs.org/nan not expired, no request
142 silly addNameRange number 2 { name: 'nan', range: '>=2.2.0 <3.0.0', hasData: true }
143 silly addNameRange versions [ 'nan',
143 silly addNameRange   [ '0.3.0-wip',
143 silly addNameRange     '0.3.0-wip2',
143 silly addNameRange     '0.3.0',
143 silly addNameRange     '0.3.1',
143 silly addNameRange     '0.3.2',
143 silly addNameRange     '0.4.0',
143 silly addNameRange     '0.4.1',
143 silly addNameRange     '0.4.2',
143 silly addNameRange     '0.4.3',
143 silly addNameRange     '0.4.4',
143 silly addNameRange     '0.5.0',
143 silly addNameRange     '0.5.1',
143 silly addNameRange     '0.5.2',
143 silly addNameRange     '0.6.0',
143 silly addNameRange     '0.7.0',
143 silly addNameRange     '0.7.1',
143 silly addNameRange     '0.8.0',
143 silly addNameRange     '1.0.0',
143 silly addNameRange     '1.1.0',
143 silly addNameRange     '1.1.1',
143 silly addNameRange     '1.1.2',
143 silly addNameRange     '1.2.0',
143 silly addNameRange     '1.3.0',
143 silly addNameRange     '1.4.0',
143 silly addNameRange     '1.4.1',
143 silly addNameRange     '1.5.0',
143 silly addNameRange     '1.4.2',
143 silly addNameRange     '1.4.3',
143 silly addNameRange     '1.5.1',
143 silly addNameRange     '1.5.2',
143 silly addNameRange     '1.6.0',
143 silly addNameRange     '1.5.3',
143 silly addNameRange     '1.6.1',
143 silly addNameRange     '1.6.2',
143 silly addNameRange     '1.7.0',
143 silly addNameRange     '1.8.0',
143 silly addNameRange     '1.8.1',
143 silly addNameRange     '1.8.2',
143 silly addNameRange     '1.8.3',
143 silly addNameRange     '1.8.4',
143 silly addNameRange     '1.9.0',
143 silly addNameRange     '2.0.0',
143 silly addNameRange     '2.0.1',
143 silly addNameRange     '2.0.2',
143 silly addNameRange     '2.0.3',
143 silly addNameRange     '2.0.4',
143 silly addNameRange     '2.0.5',
143 silly addNameRange     '2.0.6',
143 silly addNameRange     '2.0.7',
143 silly addNameRange     '2.0.8',
143 silly addNameRange     '2.0.9',
143 silly addNameRange     '2.1.0',
143 silly addNameRange     '2.2.0',
143 silly addNameRange     '2.2.1' ] ]
144 silly addNamed nan@2.2.1
145 verbose addNamed "2.2.1" is a plain semver version for nan
146 silly cache afterAdd bindings@1.2.1
147 verbose afterAdd /Users/nerdfiles/.npm/bindings/1.2.1/package/package.json not in flight; writing
148 verbose correctMkdir /Users/nerdfiles/.npm correctMkdir not in flight; initializing
149 silly cache afterAdd nan@2.2.1
150 verbose afterAdd /Users/nerdfiles/.npm/nan/2.2.1/package/package.json not in flight; writing
151 verbose correctMkdir /Users/nerdfiles/.npm correctMkdir not in flight; initializing
152 verbose afterAdd /Users/nerdfiles/.npm/nan/2.2.1/package/package.json written
153 verbose afterAdd /Users/nerdfiles/.npm/bindings/1.2.1/package/package.json written
154 silly loadAllDepsIntoIdealTree Finishing
155 silly idealTree:prePrune collective-pizza@0.0.1
155 silly idealTree:prePrune ├── ansi-regex@2.0.0
155 silly idealTree:prePrune ├── ansi-styles@2.2.1
155 silly idealTree:prePrune ├── asn1@0.2.3
155 silly idealTree:prePrune ├── assert-plus@0.2.0
155 silly idealTree:prePrune ├── async@1.5.2
155 silly idealTree:prePrune ├── aws-sign2@0.6.0
155 silly idealTree:prePrune ├── aws4@1.3.2
155 silly idealTree:prePrune ├── bindings@1.2.1
155 silly idealTree:prePrune ├── bl@1.1.2
155 silly idealTree:prePrune ├── boom@2.10.1
155 silly idealTree:prePrune ├── caseless@0.11.0
155 silly idealTree:prePrune ├── chalk@1.1.3
155 silly idealTree:prePrune ├── combined-stream@1.0.5
155 silly idealTree:prePrune ├── commander@2.9.0
155 silly idealTree:prePrune ├── core-util-is@1.0.2
155 silly idealTree:prePrune ├── cryptiles@2.0.5
155 silly idealTree:prePrune ├─┬ dashdash@1.13.1
155 silly idealTree:prePrune │ └── assert-plus@1.0.0
155 silly idealTree:prePrune ├── delayed-stream@1.0.0
155 silly idealTree:prePrune ├── docopt-js@1.0.1
155 silly idealTree:prePrune ├── dominos@2.0.1
155 silly idealTree:prePrune ├── ecc-jsbn@0.1.1
155 silly idealTree:prePrune ├── escape-string-regexp@1.0.5
155 silly idealTree:prePrune ├── extend@3.0.0
155 silly idealTree:prePrune ├── extsprintf@1.0.2
155 silly idealTree:prePrune ├── forever-agent@0.6.1
155 silly idealTree:prePrune ├── form-data@1.0.0-rc4
155 silly idealTree:prePrune ├── generate-function@2.0.0
155 silly idealTree:prePrune ├── generate-object-property@1.2.0
155 silly idealTree:prePrune ├─┬ getpass@0.1.5
155 silly idealTree:prePrune │ └── assert-plus@1.0.0
155 silly idealTree:prePrune ├── graceful-readlink@1.0.1
155 silly idealTree:prePrune ├── har-validator@2.0.6
155 silly idealTree:prePrune ├── has-ansi@2.0.0
155 silly idealTree:prePrune ├── hawk@3.1.3
155 silly idealTree:prePrune ├── hoek@2.16.3
155 silly idealTree:prePrune ├── http-signature@1.1.1
155 silly idealTree:prePrune ├── inherits@2.0.1
155 silly idealTree:prePrune ├── is-my-json-valid@2.13.1
155 silly idealTree:prePrune ├── is-property@1.0.2
155 silly idealTree:prePrune ├── is-typedarray@1.0.0
155 silly idealTree:prePrune ├── isarray@1.0.0
155 silly idealTree:prePrune ├── isemail@1.2.0
155 silly idealTree:prePrune ├── isstream@0.1.2
155 silly idealTree:prePrune ├── jodid25519@1.0.2
155 silly idealTree:prePrune ├── joi@6.10.1
155 silly idealTree:prePrune ├── jsbn@0.1.0
155 silly idealTree:prePrune ├── json-schema@0.2.2
155 silly idealTree:prePrune ├── json-stringify-safe@5.0.1
155 silly idealTree:prePrune ├── jsonpointer@2.0.0
155 silly idealTree:prePrune ├── jsprim@1.2.2
155 silly idealTree:prePrune ├── lru-cache@4.0.1
155 silly idealTree:prePrune ├── mime-db@1.22.0
155 silly idealTree:prePrune ├── mime-types@2.1.10
155 silly idealTree:prePrune ├── moment@2.13.0
155 silly idealTree:prePrune ├── nan@2.2.1
155 silly idealTree:prePrune ├── node-expat@2.3.13
155 silly idealTree:prePrune ├── node-uuid@1.4.7
155 silly idealTree:prePrune ├── oauth-sign@0.8.1
155 silly idealTree:prePrune ├── pinkie-promise@2.0.1
155 silly idealTree:prePrune ├── pinkie@2.0.4
155 silly idealTree:prePrune ├── process-nextick-args@1.0.6
155 silly idealTree:prePrune ├── pseudomap@1.0.2
155 silly idealTree:prePrune ├── qs@6.1.0
155 silly idealTree:prePrune ├── readable-stream@2.0.6
155 silly idealTree:prePrune ├── request@2.72.0
155 silly idealTree:prePrune ├── sntp@1.0.9
155 silly idealTree:prePrune ├─┬ sshpk@1.8.2
155 silly idealTree:prePrune │ └── assert-plus@1.0.0
155 silly idealTree:prePrune ├── string_decoder@0.10.31
155 silly idealTree:prePrune ├── stringstream@0.0.5
155 silly idealTree:prePrune ├── strip-ansi@3.0.1
155 silly idealTree:prePrune ├── supports-color@2.0.0
155 silly idealTree:prePrune ├── topo@1.1.0
155 silly idealTree:prePrune ├── tough-cookie@2.2.2
155 silly idealTree:prePrune ├── tunnel-agent@0.4.2
155 silly idealTree:prePrune ├── tweetnacl@0.13.3
155 silly idealTree:prePrune ├── util-deprecate@1.0.2
155 silly idealTree:prePrune ├── verror@1.3.6
155 silly idealTree:prePrune ├── xml2json@0.9.0
155 silly idealTree:prePrune ├── xtend@4.0.1
155 silly idealTree:prePrune └── yallist@2.0.0
156 silly loadIdealTree Finishing
157 silly currentTree collective-pizza@0.0.1
157 silly currentTree ├── ansi-regex@2.0.0
157 silly currentTree ├── ansi-styles@2.2.1
157 silly currentTree ├── asn1@0.2.3
157 silly currentTree ├── assert-plus@0.2.0
157 silly currentTree ├── async@1.5.2
157 silly currentTree ├── aws-sign2@0.6.0
157 silly currentTree ├── aws4@1.3.2
157 silly currentTree ├── bl@1.1.2
157 silly currentTree ├── boom@2.10.1
157 silly currentTree ├── caseless@0.11.0
157 silly currentTree ├── chalk@1.1.3
157 silly currentTree ├── combined-stream@1.0.5
157 silly currentTree ├── commander@2.9.0
157 silly currentTree ├── core-util-is@1.0.2
157 silly currentTree ├── cryptiles@2.0.5
157 silly currentTree ├─┬ dashdash@1.13.1
157 silly currentTree │ └── assert-plus@1.0.0
157 silly currentTree ├── delayed-stream@1.0.0
157 silly currentTree ├── dominos@2.0.1
157 silly currentTree ├── ecc-jsbn@0.1.1
157 silly currentTree ├── escape-string-regexp@1.0.5
157 silly currentTree ├── extend@3.0.0
157 silly currentTree ├── extsprintf@1.0.2
157 silly currentTree ├── forever-agent@0.6.1
157 silly currentTree ├── form-data@1.0.0-rc4
157 silly currentTree ├── generate-function@2.0.0
157 silly currentTree ├── generate-object-property@1.2.0
157 silly currentTree ├─┬ getpass@0.1.5
157 silly currentTree │ └── assert-plus@1.0.0
157 silly currentTree ├── graceful-readlink@1.0.1
157 silly currentTree ├── har-validator@2.0.6
157 silly currentTree ├── has-ansi@2.0.0
157 silly currentTree ├── hawk@3.1.3
157 silly currentTree ├── hoek@2.16.3
157 silly currentTree ├── http-signature@1.1.1
157 silly currentTree ├── inherits@2.0.1
157 silly currentTree ├── is-my-json-valid@2.13.1
157 silly currentTree ├── is-property@1.0.2
157 silly currentTree ├── is-typedarray@1.0.0
157 silly currentTree ├── isarray@1.0.0
157 silly currentTree ├── isemail@1.2.0
157 silly currentTree ├── isstream@0.1.2
157 silly currentTree ├── jodid25519@1.0.2
157 silly currentTree ├── joi@6.10.1
157 silly currentTree ├── jsbn@0.1.0
157 silly currentTree ├── json-schema@0.2.2
157 silly currentTree ├── json-stringify-safe@5.0.1
157 silly currentTree ├── jsonpointer@2.0.0
157 silly currentTree ├── jsprim@1.2.2
157 silly currentTree ├── lru-cache@4.0.1
157 silly currentTree ├── mime-db@1.22.0
157 silly currentTree ├── mime-types@2.1.10
157 silly currentTree ├── moment@2.13.0
157 silly currentTree ├── node-uuid@1.4.7
157 silly currentTree ├── oauth-sign@0.8.1
157 silly currentTree ├── pinkie-promise@2.0.1
157 silly currentTree ├── pinkie@2.0.4
157 silly currentTree ├── process-nextick-args@1.0.6
157 silly currentTree ├── pseudomap@1.0.2
157 silly currentTree ├── qs@6.1.0
157 silly currentTree ├── readable-stream@2.0.6
157 silly currentTree ├── request@2.72.0
157 silly currentTree ├── sntp@1.0.9
157 silly currentTree ├─┬ sshpk@1.8.2
157 silly currentTree │ └── assert-plus@1.0.0
157 silly currentTree ├── string_decoder@0.10.31
157 silly currentTree ├── stringstream@0.0.5
157 silly currentTree ├── strip-ansi@3.0.1
157 silly currentTree ├── supports-color@2.0.0
157 silly currentTree ├── topo@1.1.0
157 silly currentTree ├── tough-cookie@2.2.2
157 silly currentTree ├── tunnel-agent@0.4.2
157 silly currentTree ├── tweetnacl@0.13.3
157 silly currentTree ├── util-deprecate@1.0.2
157 silly currentTree ├── verror@1.3.6
157 silly currentTree ├── xtend@4.0.1
157 silly currentTree └── yallist@2.0.0
158 silly idealTree collective-pizza@0.0.1
158 silly idealTree ├── ansi-regex@2.0.0
158 silly idealTree ├── ansi-styles@2.2.1
158 silly idealTree ├── asn1@0.2.3
158 silly idealTree ├── assert-plus@0.2.0
158 silly idealTree ├── async@1.5.2
158 silly idealTree ├── aws-sign2@0.6.0
158 silly idealTree ├── aws4@1.3.2
158 silly idealTree ├── bindings@1.2.1
158 silly idealTree ├── bl@1.1.2
158 silly idealTree ├── boom@2.10.1
158 silly idealTree ├── caseless@0.11.0
158 silly idealTree ├── chalk@1.1.3
158 silly idealTree ├── combined-stream@1.0.5
158 silly idealTree ├── commander@2.9.0
158 silly idealTree ├── core-util-is@1.0.2
158 silly idealTree ├── cryptiles@2.0.5
158 silly idealTree ├─┬ dashdash@1.13.1
158 silly idealTree │ └── assert-plus@1.0.0
158 silly idealTree ├── delayed-stream@1.0.0
158 silly idealTree ├── docopt-js@1.0.1
158 silly idealTree ├── dominos@2.0.1
158 silly idealTree ├── ecc-jsbn@0.1.1
158 silly idealTree ├── escape-string-regexp@1.0.5
158 silly idealTree ├── extend@3.0.0
158 silly idealTree ├── extsprintf@1.0.2
158 silly idealTree ├── forever-agent@0.6.1
158 silly idealTree ├── form-data@1.0.0-rc4
158 silly idealTree ├── generate-function@2.0.0
158 silly idealTree ├── generate-object-property@1.2.0
158 silly idealTree ├─┬ getpass@0.1.5
158 silly idealTree │ └── assert-plus@1.0.0
158 silly idealTree ├── graceful-readlink@1.0.1
158 silly idealTree ├── har-validator@2.0.6
158 silly idealTree ├── has-ansi@2.0.0
158 silly idealTree ├── hawk@3.1.3
158 silly idealTree ├── hoek@2.16.3
158 silly idealTree ├── http-signature@1.1.1
158 silly idealTree ├── inherits@2.0.1
158 silly idealTree ├── is-my-json-valid@2.13.1
158 silly idealTree ├── is-property@1.0.2
158 silly idealTree ├── is-typedarray@1.0.0
158 silly idealTree ├── isarray@1.0.0
158 silly idealTree ├── isemail@1.2.0
158 silly idealTree ├── isstream@0.1.2
158 silly idealTree ├── jodid25519@1.0.2
158 silly idealTree ├── joi@6.10.1
158 silly idealTree ├── jsbn@0.1.0
158 silly idealTree ├── json-schema@0.2.2
158 silly idealTree ├── json-stringify-safe@5.0.1
158 silly idealTree ├── jsonpointer@2.0.0
158 silly idealTree ├── jsprim@1.2.2
158 silly idealTree ├── lru-cache@4.0.1
158 silly idealTree ├── mime-db@1.22.0
158 silly idealTree ├── mime-types@2.1.10
158 silly idealTree ├── moment@2.13.0
158 silly idealTree ├── nan@2.2.1
158 silly idealTree ├── node-expat@2.3.13
158 silly idealTree ├── node-uuid@1.4.7
158 silly idealTree ├── oauth-sign@0.8.1
158 silly idealTree ├── pinkie-promise@2.0.1
158 silly idealTree ├── pinkie@2.0.4
158 silly idealTree ├── process-nextick-args@1.0.6
158 silly idealTree ├── pseudomap@1.0.2
158 silly idealTree ├── qs@6.1.0
158 silly idealTree ├── readable-stream@2.0.6
158 silly idealTree ├── request@2.72.0
158 silly idealTree ├── sntp@1.0.9
158 silly idealTree ├─┬ sshpk@1.8.2
158 silly idealTree │ └── assert-plus@1.0.0
158 silly idealTree ├── string_decoder@0.10.31
158 silly idealTree ├── stringstream@0.0.5
158 silly idealTree ├── strip-ansi@3.0.1
158 silly idealTree ├── supports-color@2.0.0
158 silly idealTree ├── topo@1.1.0
158 silly idealTree ├── tough-cookie@2.2.2
158 silly idealTree ├── tunnel-agent@0.4.2
158 silly idealTree ├── tweetnacl@0.13.3
158 silly idealTree ├── util-deprecate@1.0.2
158 silly idealTree ├── verror@1.3.6
158 silly idealTree ├── xml2json@0.9.0
158 silly idealTree ├── xtend@4.0.1
158 silly idealTree └── yallist@2.0.0
159 silly generateActionsToTake Starting
160 silly install generateActionsToTake
161 silly rollbackFailedOptional Starting
162 silly rollbackFailedOptional Finishing
163 silly runTopLevelLifecycles Starting
164 silly runTopLevelLifecycles Finishing
165 silly install printInstalled
166 verbose stack Error: /Users/nerdfiles/Projects/collective-pizza/node_modules/node-dominos-pizza-api: Appears to be a git repo or submodule.
166 verbose stack     at /usr/local/lib/node_modules/npm/node_modules/npm-install-checks/index.js:137:15
166 verbose stack     at FSReqWrap.oncomplete (fs.js:82:15)
167 verbose cwd /Users/nerdfiles/Projects/collective-pizza
168 error Darwin 15.0.0
169 error argv "/usr/local/Cellar/node/5.9.1/bin/node" "/usr/local/bin/npm" "install" "docopt-js"
170 error node v5.9.1
171 error npm  v3.7.3
172 error path /Users/nerdfiles/Projects/collective-pizza/node_modules/node-dominos-pizza-api
173 error code EISGIT
174 error git /Users/nerdfiles/Projects/collective-pizza/node_modules/node-dominos-pizza-api: Appears to be a git repo or submodule.
175 error git /Users/nerdfiles/Projects/collective-pizza/node_modules/node-dominos-pizza-api
176 error git Refusing to remove it. Update manually,
176 error git or move it out of the way first.
177 verbose exit [ 1, true ]
